[00:42:03] 📁 Scanning folder: C:/Users/jadav/Coding/Automation/UIIC/uiic_automation/automationfolderuploading
[00:42:03] 📊 Excel: new_sample.xlsx
[00:42:04] 📄 Extracting Workshop Invoice details from PDF...
[00:42:05]   ✅ WS Invoice No (from PDF): INZ25-01569
[00:42:05]   ✅ WS Invoice Date (from PDF): 27/01/2026
[00:42:05] 📌 Excel Data Sources Map:
[00:42:05]   📊 claim_no: '2012013126C050003001' (Source: R181C4 (Sheet1))
[00:42:05]   📊 vehicle_no: 'HR 20AY 7179' (Source: R14C6 (Sheet2))
[00:42:05]   📊 chassis_no: '033264' (Source: R155C6 (Sheet1))
[00:42:05]   📊 engine_no: '172413' (Source: R157C6 (Sheet1))
[00:42:05]   📊 date_of_survey: '16.02.2026' (Source: R57C7 (Sheet1))
[00:42:05]   📊 place_of_survey: 'Plot No. 177-H, Ind. Area, Phase-I, Chandigarh' (Source: R64C7 (Sheet1))
[00:42:05]   📊 surveyor_observation: 'As per the instructions of The Oriental Insurance Co Ltd, RO:-Service Centre, Sector-17, Chandigarh. I visited the Repairer's workshop. The Vehicle was carefully inspected, its damages were noted and photographs taken. The Photographs in the Under Repair Condition were also taken. The damages are commensurate with the cause and nature of accident.' (Source: R75C3 (Sheet1))
[00:42:05]   📊 mobile_no: '098761-35253' (Source: R4C9 (Sheet1))
[00:42:05]   📊 email_id: 'ksunilsurveyor@gmail.com' (Source: R5C9 (Sheet1))
[00:42:05]   📊 initial_loss_amount: '82255.94' (Source: R146C6 (Sheet1))
[00:42:05]   📊 compulsory_excess: '1000' (Source: R145C7 (Sheet1))
[00:42:05]   📊 salvage_value: '100' (Source: R148C7 (Sheet1))
[00:42:05]   📊 parts_age_dep_excl_gst: '1989' (Source: R111C7 (Sheet1))
[00:42:05]   📊 parts_50_dep_excl_gst: '4905.09' (Source: R111C8 (Sheet1))
[00:42:05]   📊 parts_nil_dep_excl_gst: '186' (Source: R111C9 (Sheet1))
[00:42:05]   📊 parts_gst18_amount: '7080' (Source: R111C10 (Sheet1))
[00:42:05]   📊 labour_excl_gst: '13170' (Source: R131C8 (Sheet1))
[00:42:05]   📊 towing_charges: '800' (Source: R144C7 (Sheet1))
[00:42:05]   📊 professional_fee: '1800' (Source: R28C8 (Sheet5))
[00:42:05]   📊 traveling_expenses: '500' (Source: R30C8 (Sheet5))
[00:42:05]   📊 photo_charges: '0' (Source: R32C8 (Sheet5))
[00:42:05]   📊 daily_allowance: '0' (Source: R35C8 (Sheet5))
[00:42:05]   📊 invoice_no: 'SK/2025-26/OICL/116' (Source: R10C4 (Sheet5))
[00:42:05]   📊 invoice_date: '19.02.2026' (Source: R10C12 (Sheet5))
[00:42:05]   📊 final_report_no: 'SK/2025-26/OICL/116' (Source: R8C3 (Sheet1))
[00:42:05]   📊 final_report_date: '19.02.2026' (Source: R8C11 (Sheet1))
[00:42:05]   📊 payment_to: 'INSURED' (Source: R159C3 (Sheet1))
[00:42:17] ━━━━━━━━━━━━━━━━━━━━━━━━━━━━━━━━━━━━━━━━━━━━
[00:42:17] 🚀 Automation started — Claim: 2012013126C050003001
[00:42:17] ━━━━━━━━━━━━━━━━━━━━━━━━━━━━━━━━━━━━━━━━━━━━
[00:42:18] ------------------------------------
[00:42:18] STEP 1 - Login
[00:42:18] ------------------------------------
[00:42:18] Navigating to portal...
[00:42:21] Login page loaded.
[00:42:21] Login attempt 1/3...
[00:42:21] Reading CAPTCHA from canvas...
[00:42:31] CAPTCHA candidates: ['bnqBsQ', 'BNQBSQ', 'bnqbsq']
[00:42:31] Trying CAPTCHA [primary / Mixed-Case]: 'bnqBsQ'
[00:42:36]   Clicked login button
[00:42:37] Stop requested. Closing automation safely...
[00:42:37] ■  Stop requested by user.
[00:42:39] Automation stopped by user.
